2021-07-04 18:07:705 INFO  BasePage :33 - Launching Chrome Browser 
2021-07-04 18:07:312 INFO  Homepage :20 - MouseHover on Buy+Sell Tab :[[ChromeDriver: chrome on WINDOWS (117fe5f92d6565cb4ad9bfe260a50ae8)] -> xpath: //a[text()='buy + sell']]
2021-07-04 18:07:949 INFO  Homepage :25 - Clicking on Serch Cars :[[ChromeDriver: chrome on WINDOWS (117fe5f92d6565cb4ad9bfe260a50ae8)] -> xpath: //a[text()='Search Cars']]
2021-07-04 18:07:326 INFO  Homepage :35 - Verifing new and UsedCar Text from element:[[ChromeDriver: chrome on WINDOWS (117fe5f92d6565cb4ad9bfe260a50ae8)] -> xpath: //h1[contains(text(),'New & Used Car Search - carsguide')]]
2021-07-04 18:07:659 INFO  Homepage :40 - Selecting Car Make from drop down menu list of select element[[ChromeDriver: chrome on WINDOWS (117fe5f92d6565cb4ad9bfe260a50ae8)] -> xpath: //select[@id='makes']]
2021-07-04 18:07:900 INFO  Homepage :45 - Selecting Car Model from dropdown menu list of Select element[[ChromeDriver: chrome on WINDOWS (117fe5f92d6565cb4ad9bfe260a50ae8)] -> xpath:  //select[@id='models']]
2021-07-04 18:07:86 INFO  Homepage :50 - Selecting Car Location drom deopdown menu list of select element [[ChromeDriver: chrome on WINDOWS (117fe5f92d6565cb4ad9bfe260a50ae8)] -> xpath: //select[@id='locations']]
2021-07-04 18:07:258 INFO  Homepage :55 - Selecting car price from drop down menu list of select element[[ChromeDriver: chrome on WINDOWS (117fe5f92d6565cb4ad9bfe260a50ae8)] -> xpath: //select[@id='priceTo']]
2021-07-04 18:07:518 INFO  BasePage :33 - Launching Chrome Browser 
2021-07-04 18:07:202 INFO  Homepage :20 - MouseHover on Buy+Sell Tab :[[ChromeDriver: chrome on WINDOWS (9af55af24cc119f25907566fbdd737fb)] -> xpath: //a[text()='buy + sell']]
2021-07-04 18:07:796 INFO  Homepage :25 - Clicking on Serch Cars :[[ChromeDriver: chrome on WINDOWS (9af55af24cc119f25907566fbdd737fb)] -> xpath: //a[text()='Search Cars']]
2021-07-04 18:07:105 INFO  Homepage :35 - Verifing new and UsedCar Text from element:[[ChromeDriver: chrome on WINDOWS (9af55af24cc119f25907566fbdd737fb)] -> xpath: //h1[contains(text(),'New & Used Car Search - carsguide')]]
2021-07-04 18:07:169 INFO  Homepage :40 - Selecting Car Make from drop down menu list of select element[[ChromeDriver: chrome on WINDOWS (9af55af24cc119f25907566fbdd737fb)] -> xpath: //select[@id='makes']]
2021-07-04 18:07:527 INFO  Homepage :45 - Selecting Car Model from dropdown menu list of Select element[[ChromeDriver: chrome on WINDOWS (9af55af24cc119f25907566fbdd737fb)] -> xpath:  //select[@id='models']]
2021-07-04 18:07:704 INFO  Homepage :50 - Selecting Car Location drom deopdown menu list of select element [[ChromeDriver: chrome on WINDOWS (9af55af24cc119f25907566fbdd737fb)] -> xpath: //select[@id='locations']]
2021-07-04 18:07:873 INFO  Homepage :55 - Selecting car price from drop down menu list of select element[[ChromeDriver: chrome on WINDOWS (9af55af24cc119f25907566fbdd737fb)] -> xpath: //select[@id='priceTo']]
2021-07-04 18:07:29 INFO  Homepage :60 - Clicking on Find My next car button [[ChromeDriver: chrome on WINDOWS (9af55af24cc119f25907566fbdd737fb)] -> xpath: //input[@id='search-submit']]
2021-07-04 18:07:678 INFO  BasePage :33 - Launching Chrome Browser 
2021-07-04 18:07:671 INFO  Homepage :20 - MouseHover on Buy+Sell Tab :[[ChromeDriver: chrome on WINDOWS (1cf502d6006bc230d9d3e85ab273cabe)] -> xpath: //a[text()='buy + sell']]
2021-07-04 18:07:886 INFO  Homepage :25 - Clicking on Serch Cars :[[ChromeDriver: chrome on WINDOWS (1cf502d6006bc230d9d3e85ab273cabe)] -> xpath: //a[text()='Search Cars']]
2021-07-04 18:07:235 INFO  Homepage :35 - Verifing new and UsedCar Text from element:[[ChromeDriver: chrome on WINDOWS (1cf502d6006bc230d9d3e85ab273cabe)] -> xpath: //h1[contains(text(),'New & Used Car Search - carsguide')]]
2021-07-04 18:07:297 INFO  Homepage :40 - Selecting Car Make from drop down menu list of select element[[ChromeDriver: chrome on WINDOWS (1cf502d6006bc230d9d3e85ab273cabe)] -> xpath: //select[@id='makes']]
2021-07-04 18:07:486 INFO  Homepage :45 - Selecting Car Model from dropdown menu list of Select element[[ChromeDriver: chrome on WINDOWS (1cf502d6006bc230d9d3e85ab273cabe)] -> xpath:  //select[@id='models']]
2021-07-04 18:07:858 INFO  Homepage :50 - Selecting Car Location drom deopdown menu list of select element [[ChromeDriver: chrome on WINDOWS (1cf502d6006bc230d9d3e85ab273cabe)] -> xpath: //select[@id='locations']]
2021-07-04 18:07:727 INFO  BasePage :33 - Launching Chrome Browser 
2021-07-04 18:07:990 INFO  Homepage :20 - MouseHover on Buy+Sell Tab :[[ChromeDriver: chrome on WINDOWS (355044b42db642f51e3103ebcc6149b4)] -> xpath: //a[text()='buy + sell']]
2021-07-04 18:07:256 INFO  Homepage :25 - Clicking on Serch Cars :[[ChromeDriver: chrome on WINDOWS (355044b42db642f51e3103ebcc6149b4)] -> xpath: //a[text()='Search Cars']]
2021-07-04 18:07:515 INFO  Homepage :35 - Verifing new and UsedCar Text from element:[[ChromeDriver: chrome on WINDOWS (355044b42db642f51e3103ebcc6149b4)] -> xpath: //h1[contains(text(),'New & Used Car Search - carsguide')]]
2021-07-04 18:07:588 INFO  Homepage :40 - Selecting Car Make from drop down menu list of select element[[ChromeDriver: chrome on WINDOWS (355044b42db642f51e3103ebcc6149b4)] -> xpath: //select[@id='makes']]
2021-07-04 18:07:783 INFO  Homepage :45 - Selecting Car Model from dropdown menu list of Select element[[ChromeDriver: chrome on WINDOWS (355044b42db642f51e3103ebcc6149b4)] -> xpath:  //select[@id='models']]
2021-07-04 18:07:140 INFO  Homepage :50 - Selecting Car Location drom deopdown menu list of select element [[ChromeDriver: chrome on WINDOWS (355044b42db642f51e3103ebcc6149b4)] -> xpath: //select[@id='locations']]
2021-07-04 18:07:341 INFO  Homepage :55 - Selecting car price from drop down menu list of select element[[ChromeDriver: chrome on WINDOWS (355044b42db642f51e3103ebcc6149b4)] -> xpath: //select[@id='priceTo']]
2021-07-04 18:07:500 INFO  Homepage :60 - Clicking on Find My next car button [[ChromeDriver: chrome on WINDOWS (355044b42db642f51e3103ebcc6149b4)] -> xpath: //input[@id='search-submit']]
2021-07-04 18:07:735 INFO  BasePage :33 - Launching Chrome Browser 
2021-07-04 18:07:384 INFO  Homepage :20 - MouseHover on Buy+Sell Tab :[[ChromeDriver: chrome on WINDOWS (c23c4c111e5616c2bf00555a901cd986)] -> xpath: //a[text()='buy + sell']]
2021-07-04 18:07:856 INFO  Homepage :25 - Clicking on Serch Cars :[[ChromeDriver: chrome on WINDOWS (c23c4c111e5616c2bf00555a901cd986)] -> xpath: //a[text()='Search Cars']]
2021-07-04 18:07:315 INFO  Homepage :35 - Verifing new and UsedCar Text from element:[[ChromeDriver: chrome on WINDOWS (c23c4c111e5616c2bf00555a901cd986)] -> xpath: //h1[contains(text(),'New & Used Car Search - carsguide')]]
2021-07-04 18:07:361 INFO  Homepage :40 - Selecting Car Make from drop down menu list of select element[[ChromeDriver: chrome on WINDOWS (c23c4c111e5616c2bf00555a901cd986)] -> xpath: //select[@id='makes']]
2021-07-04 18:07:629 INFO  Homepage :45 - Selecting Car Model from dropdown menu list of Select element[[ChromeDriver: chrome on WINDOWS (c23c4c111e5616c2bf00555a901cd986)] -> xpath:  //select[@id='models']]
2021-07-04 18:07:764 INFO  BasePage :33 - Launching Chrome Browser 
2021-07-04 18:07:78 INFO  Homepage :20 - MouseHover on Buy+Sell Tab :[[ChromeDriver: chrome on WINDOWS (c6011e7f55dedb8da126cc1bf714fd3d)] -> xpath: //a[text()='buy + sell']]
2021-07-04 18:07:389 INFO  Homepage :25 - Clicking on Serch Cars :[[ChromeDriver: chrome on WINDOWS (c6011e7f55dedb8da126cc1bf714fd3d)] -> xpath: //a[text()='Search Cars']]
2021-07-04 18:07:104 INFO  Homepage :35 - Verifing new and UsedCar Text from element:[[ChromeDriver: chrome on WINDOWS (c6011e7f55dedb8da126cc1bf714fd3d)] -> xpath: //h1[contains(text(),'New & Used Car Search - carsguide')]]
2021-07-04 18:07:164 INFO  Homepage :40 - Selecting Car Make from drop down menu list of select element[[ChromeDriver: chrome on WINDOWS (c6011e7f55dedb8da126cc1bf714fd3d)] -> xpath: //select[@id='makes']]
2021-07-04 18:07:324 INFO  Homepage :45 - Selecting Car Model from dropdown menu list of Select element[[ChromeDriver: chrome on WINDOWS (c6011e7f55dedb8da126cc1bf714fd3d)] -> xpath:  //select[@id='models']]
2021-07-04 18:07:492 INFO  Homepage :50 - Selecting Car Location drom deopdown menu list of select element [[ChromeDriver: chrome on WINDOWS (c6011e7f55dedb8da126cc1bf714fd3d)] -> xpath: //select[@id='locations']]
2021-07-04 18:07:677 INFO  Homepage :55 - Selecting car price from drop down menu list of select element[[ChromeDriver: chrome on WINDOWS (c6011e7f55dedb8da126cc1bf714fd3d)] -> xpath: //select[@id='priceTo']]
2021-07-04 18:07:848 INFO  Homepage :60 - Clicking on Find My next car button [[ChromeDriver: chrome on WINDOWS (c6011e7f55dedb8da126cc1bf714fd3d)] -> xpath: //input[@id='search-submit']]
2021-07-04 18:07:837 INFO  BasePage :33 - Launching Chrome Browser 
2021-07-04 18:07:722 INFO  Homepage :20 - MouseHover on Buy+Sell Tab :[[ChromeDriver: chrome on WINDOWS (c7ccc0c5bc3a823c10ff8458bc2abb4d)] -> xpath: //a[text()='buy + sell']]
2021-07-04 18:07:253 INFO  Homepage :25 - Clicking on Serch Cars :[[ChromeDriver: chrome on WINDOWS (c7ccc0c5bc3a823c10ff8458bc2abb4d)] -> xpath: //a[text()='Search Cars']]
2021-07-04 18:07:675 INFO  Homepage :35 - Verifing new and UsedCar Text from element:[[ChromeDriver: chrome on WINDOWS (c7ccc0c5bc3a823c10ff8458bc2abb4d)] -> xpath: //h1[contains(text(),'New & Used Car Search - carsguide')]]
2021-07-04 18:07:967 INFO  Homepage :40 - Selecting Car Make from drop down menu list of select element[[ChromeDriver: chrome on WINDOWS (c7ccc0c5bc3a823c10ff8458bc2abb4d)] -> xpath: //select[@id='makes']]
2021-07-04 18:07:202 INFO  Homepage :45 - Selecting Car Model from dropdown menu list of Select element[[ChromeDriver: chrome on WINDOWS (c7ccc0c5bc3a823c10ff8458bc2abb4d)] -> xpath:  //select[@id='models']]
2021-07-04 18:07:386 INFO  Homepage :50 - Selecting Car Location drom deopdown menu list of select element [[ChromeDriver: chrome on WINDOWS (c7ccc0c5bc3a823c10ff8458bc2abb4d)] -> xpath: //select[@id='locations']]
2021-07-04 18:07:581 INFO  Homepage :55 - Selecting car price from drop down menu list of select element[[ChromeDriver: chrome on WINDOWS (c7ccc0c5bc3a823c10ff8458bc2abb4d)] -> xpath: //select[@id='priceTo']]
2021-07-04 18:07:773 INFO  BasePage :33 - Launching Chrome Browser 
2021-07-04 18:07:221 INFO  Homepage :20 - MouseHover on Buy+Sell Tab :[[ChromeDriver: chrome on WINDOWS (3b1a092e680e50ad650cfd3ceb0a8aab)] -> xpath: //a[text()='buy + sell']]
2021-07-04 18:07:586 INFO  Homepage :25 - Clicking on Serch Cars :[[ChromeDriver: chrome on WINDOWS (3b1a092e680e50ad650cfd3ceb0a8aab)] -> xpath: //a[text()='Search Cars']]
2021-07-04 18:07:753 INFO  Homepage :35 - Verifing new and UsedCar Text from element:[[ChromeDriver: chrome on WINDOWS (3b1a092e680e50ad650cfd3ceb0a8aab)] -> xpath: //h1[contains(text(),'New & Used Car Search - carsguide')]]
2021-07-04 18:07:800 INFO  Homepage :40 - Selecting Car Make from drop down menu list of select element[[ChromeDriver: chrome on WINDOWS (3b1a092e680e50ad650cfd3ceb0a8aab)] -> xpath: //select[@id='makes']]
2021-07-04 18:07:01 INFO  Homepage :45 - Selecting Car Model from dropdown menu list of Select element[[ChromeDriver: chrome on WINDOWS (3b1a092e680e50ad650cfd3ceb0a8aab)] -> xpath:  //select[@id='models']]
2021-07-04 18:07:176 INFO  Homepage :50 - Selecting Car Location drom deopdown menu list of select element [[ChromeDriver: chrome on WINDOWS (3b1a092e680e50ad650cfd3ceb0a8aab)] -> xpath: //select[@id='locations']]
2021-07-04 18:07:360 INFO  Homepage :55 - Selecting car price from drop down menu list of select element[[ChromeDriver: chrome on WINDOWS (3b1a092e680e50ad650cfd3ceb0a8aab)] -> xpath: //select[@id='priceTo']]
2021-07-04 18:07:517 INFO  Homepage :60 - Clicking on Find My next car button [[ChromeDriver: chrome on WINDOWS (3b1a092e680e50ad650cfd3ceb0a8aab)] -> xpath: //input[@id='search-submit']]
2021-07-04 18:07:844 INFO  BasePage :33 - Launching Chrome Browser 
2021-07-04 18:07:247 INFO  Homepage :20 - MouseHover on Buy+Sell Tab :[[ChromeDriver: chrome on WINDOWS (facac785573bd08116c67be0739d1258)] -> xpath: //a[text()='buy + sell']]
2021-07-04 18:07:849 INFO  Homepage :25 - Clicking on Serch Cars :[[ChromeDriver: chrome on WINDOWS (facac785573bd08116c67be0739d1258)] -> xpath: //a[text()='Search Cars']]
2021-07-04 18:07:692 INFO  Homepage :35 - Verifing new and UsedCar Text from element:[[ChromeDriver: chrome on WINDOWS (facac785573bd08116c67be0739d1258)] -> xpath: //h1[contains(text(),'New & Used Car Search - carsguide')]]
2021-07-04 18:07:790 INFO  Homepage :40 - Selecting Car Make from drop down menu list of select element[[ChromeDriver: chrome on WINDOWS (facac785573bd08116c67be0739d1258)] -> xpath: //select[@id='makes']]
2021-07-04 18:07:953 INFO  Homepage :45 - Selecting Car Model from dropdown menu list of Select element[[ChromeDriver: chrome on WINDOWS (facac785573bd08116c67be0739d1258)] -> xpath:  //select[@id='models']]
2021-07-04 18:07:121 INFO  Homepage :50 - Selecting Car Location drom deopdown menu list of select element [[ChromeDriver: chrome on WINDOWS (facac785573bd08116c67be0739d1258)] -> xpath: //select[@id='locations']]
2021-07-04 18:07:330 INFO  BasePage :33 - Launching Chrome Browser 
2021-07-04 18:07:783 INFO  Homepage :20 - MouseHover on Buy+Sell Tab :[[ChromeDriver: chrome on WINDOWS (535d796e65000b30731e947ccea04309)] -> xpath: //a[text()='buy + sell']]
2021-07-04 18:07:364 INFO  Homepage :25 - Clicking on Serch Cars :[[ChromeDriver: chrome on WINDOWS (535d796e65000b30731e947ccea04309)] -> xpath: //a[text()='Search Cars']]
2021-07-04 18:07:240 INFO  Homepage :35 - Verifing new and UsedCar Text from element:[[ChromeDriver: chrome on WINDOWS (535d796e65000b30731e947ccea04309)] -> xpath: //h1[contains(text(),'New & Used Car Search - carsguide')]]
2021-07-04 18:07:375 INFO  Homepage :40 - Selecting Car Make from drop down menu list of select element[[ChromeDriver: chrome on WINDOWS (535d796e65000b30731e947ccea04309)] -> xpath: //select[@id='makes']]
2021-07-04 18:07:542 INFO  Homepage :45 - Selecting Car Model from dropdown menu list of Select element[[ChromeDriver: chrome on WINDOWS (535d796e65000b30731e947ccea04309)] -> xpath:  //select[@id='models']]
2021-07-04 18:07:799 INFO  Homepage :50 - Selecting Car Location drom deopdown menu list of select element [[ChromeDriver: chrome on WINDOWS (535d796e65000b30731e947ccea04309)] -> xpath: //select[@id='locations']]
2021-07-04 18:07:974 INFO  Homepage :55 - Selecting car price from drop down menu list of select element[[ChromeDriver: chrome on WINDOWS (535d796e65000b30731e947ccea04309)] -> xpath: //select[@id='priceTo']]
2021-07-04 18:07:170 INFO  Homepage :60 - Clicking on Find My next car button [[ChromeDriver: chrome on WINDOWS (535d796e65000b30731e947ccea04309)] -> xpath: //input[@id='search-submit']]
2021-07-04 18:07:03 INFO  BasePage :33 - Launching Chrome Browser 
2021-07-04 18:07:684 INFO  Homepage :20 - MouseHover on Buy+Sell Tab :[[ChromeDriver: chrome on WINDOWS (05e512f19bfb9b5ae60565befd0445a6)] -> xpath: //a[text()='buy + sell']]
2021-07-04 18:07:196 INFO  Homepage :25 - Clicking on Serch Cars :[[ChromeDriver: chrome on WINDOWS (05e512f19bfb9b5ae60565befd0445a6)] -> xpath: //a[text()='Search Cars']]
2021-07-04 18:07:770 INFO  Homepage :35 - Verifing new and UsedCar Text from element:[[ChromeDriver: chrome on WINDOWS (05e512f19bfb9b5ae60565befd0445a6)] -> xpath: //h1[contains(text(),'New & Used Car Search - carsguide')]]
2021-07-04 18:07:818 INFO  Homepage :40 - Selecting Car Make from drop down menu list of select element[[ChromeDriver: chrome on WINDOWS (05e512f19bfb9b5ae60565befd0445a6)] -> xpath: //select[@id='makes']]
2021-07-04 18:07:986 INFO  Homepage :45 - Selecting Car Model from dropdown menu list of Select element[[ChromeDriver: chrome on WINDOWS (05e512f19bfb9b5ae60565befd0445a6)] -> xpath:  //select[@id='models']]
2021-07-04 18:07:92 INFO  BasePage :33 - Launching Chrome Browser 
2021-07-04 18:07:262 INFO  Homepage :20 - MouseHover on Buy+Sell Tab :[[ChromeDriver: chrome on WINDOWS (059e6320fbf3eb3d18ebebe7cf62de9b)] -> xpath: //a[text()='buy + sell']]
2021-07-04 18:07:590 INFO  Homepage :25 - Clicking on Serch Cars :[[ChromeDriver: chrome on WINDOWS (059e6320fbf3eb3d18ebebe7cf62de9b)] -> xpath: //a[text()='Search Cars']]
2021-07-04 18:07:885 INFO  Homepage :35 - Verifing new and UsedCar Text from element:[[ChromeDriver: chrome on WINDOWS (059e6320fbf3eb3d18ebebe7cf62de9b)] -> xpath: //h1[contains(text(),'New & Used Car Search - carsguide')]]
2021-07-04 18:07:932 INFO  Homepage :40 - Selecting Car Make from drop down menu list of select element[[ChromeDriver: chrome on WINDOWS (059e6320fbf3eb3d18ebebe7cf62de9b)] -> xpath: //select[@id='makes']]
2021-07-04 18:07:90 INFO  Homepage :45 - Selecting Car Model from dropdown menu list of Select element[[ChromeDriver: chrome on WINDOWS (059e6320fbf3eb3d18ebebe7cf62de9b)] -> xpath:  //select[@id='models']]
2021-07-04 18:07:247 INFO  Homepage :50 - Selecting Car Location drom deopdown menu list of select element [[ChromeDriver: chrome on WINDOWS (059e6320fbf3eb3d18ebebe7cf62de9b)] -> xpath: //select[@id='locations']]
2021-07-04 18:07:401 INFO  Homepage :55 - Selecting car price from drop down menu list of select element[[ChromeDriver: chrome on WINDOWS (059e6320fbf3eb3d18ebebe7cf62de9b)] -> xpath: //select[@id='priceTo']]
2021-07-04 18:07:556 INFO  Homepage :60 - Clicking on Find My next car button [[ChromeDriver: chrome on WINDOWS (059e6320fbf3eb3d18ebebe7cf62de9b)] -> xpath: //input[@id='search-submit']]
2021-07-04 18:07:595 INFO  BasePage :33 - Launching Chrome Browser 
2021-07-04 18:07:523 INFO  Homepage :20 - MouseHover on Buy+Sell Tab :[[ChromeDriver: chrome on WINDOWS (5eecd8c7910454f353e83788793a8a4c)] -> xpath: //a[text()='buy + sell']]
2021-07-04 18:07:87 INFO  Homepage :25 - Clicking on Serch Cars :[[ChromeDriver: chrome on WINDOWS (5eecd8c7910454f353e83788793a8a4c)] -> xpath: //a[text()='Search Cars']]
2021-07-04 18:07:298 INFO  Homepage :35 - Verifing new and UsedCar Text from element:[[ChromeDriver: chrome on WINDOWS (5eecd8c7910454f353e83788793a8a4c)] -> xpath: //h1[contains(text(),'New & Used Car Search - carsguide')]]
2021-07-04 18:07:464 INFO  Homepage :40 - Selecting Car Make from drop down menu list of select element[[ChromeDriver: chrome on WINDOWS (5eecd8c7910454f353e83788793a8a4c)] -> xpath: //select[@id='makes']]
2021-07-04 18:07:727 INFO  Homepage :45 - Selecting Car Model from dropdown menu list of Select element[[ChromeDriver: chrome on WINDOWS (5eecd8c7910454f353e83788793a8a4c)] -> xpath:  //select[@id='models']]
2021-07-04 18:07:896 INFO  Homepage :50 - Selecting Car Location drom deopdown menu list of select element [[ChromeDriver: chrome on WINDOWS (5eecd8c7910454f353e83788793a8a4c)] -> xpath: //select[@id='locations']]
2021-07-04 18:07:83 INFO  Homepage :55 - Selecting car price from drop down menu list of select element[[ChromeDriver: chrome on WINDOWS (5eecd8c7910454f353e83788793a8a4c)] -> xpath: //select[@id='priceTo']]
2021-07-04 18:07:290 INFO  Homepage :60 - Clicking on Find My next car button [[ChromeDriver: chrome on WINDOWS (5eecd8c7910454f353e83788793a8a4c)] -> xpath: //input[@id='search-submit']]
2021-07-04 18:07:59 INFO  BasePage :33 - Launching Chrome Browser 
2021-07-04 18:07:409 INFO  Homepage :20 - MouseHover on Buy+Sell Tab :[[ChromeDriver: chrome on WINDOWS (7626f28f1d2304ae5264515a0a66599e)] -> xpath: //a[text()='buy + sell']]
2021-07-04 18:07:806 INFO  Homepage :25 - Clicking on Serch Cars :[[ChromeDriver: chrome on WINDOWS (7626f28f1d2304ae5264515a0a66599e)] -> xpath: //a[text()='Search Cars']]
2021-07-04 18:07:902 INFO  Homepage :35 - Verifing new and UsedCar Text from element:[[ChromeDriver: chrome on WINDOWS (7626f28f1d2304ae5264515a0a66599e)] -> xpath: //h1[contains(text(),'New & Used Car Search - carsguide')]]
2021-07-04 18:07:955 INFO  Homepage :40 - Selecting Car Make from drop down menu list of select element[[ChromeDriver: chrome on WINDOWS (7626f28f1d2304ae5264515a0a66599e)] -> xpath: //select[@id='makes']]
2021-07-04 18:07:131 INFO  Homepage :45 - Selecting Car Model from dropdown menu list of Select element[[ChromeDriver: chrome on WINDOWS (7626f28f1d2304ae5264515a0a66599e)] -> xpath:  //select[@id='models']]
2021-07-04 18:07:313 INFO  Homepage :50 - Selecting Car Location drom deopdown menu list of select element [[ChromeDriver: chrome on WINDOWS (7626f28f1d2304ae5264515a0a66599e)] -> xpath: //select[@id='locations']]
2021-07-04 18:07:492 INFO  Homepage :55 - Selecting car price from drop down menu list of select element[[ChromeDriver: chrome on WINDOWS (7626f28f1d2304ae5264515a0a66599e)] -> xpath: //select[@id='priceTo']]
2021-07-04 18:07:664 INFO  Homepage :60 - Clicking on Find My next car button [[ChromeDriver: chrome on WINDOWS (7626f28f1d2304ae5264515a0a66599e)] -> xpath: //input[@id='search-submit']]
2021-07-04 18:07:815 INFO  BasePage :33 - Launching Chrome Browser 
2021-07-04 18:07:477 INFO  Homepage :20 - MouseHover on Buy+Sell Tab :[[ChromeDriver: chrome on WINDOWS (0691bfb00604c7ccbfe6f3acd0dfeabe)] -> xpath: //a[text()='buy + sell']]
2021-07-04 18:07:813 INFO  Homepage :25 - Clicking on Serch Cars :[[ChromeDriver: chrome on WINDOWS (0691bfb00604c7ccbfe6f3acd0dfeabe)] -> xpath: //a[text()='Search Cars']]
2021-07-04 18:07:262 INFO  Homepage :35 - Verifing new and UsedCar Text from element:[[ChromeDriver: chrome on WINDOWS (0691bfb00604c7ccbfe6f3acd0dfeabe)] -> xpath: //h1[contains(text(),'New & Used Car Search - carsguide')]]
2021-07-04 18:07:323 INFO  Homepage :40 - Selecting Car Make from drop down menu list of select element[[ChromeDriver: chrome on WINDOWS (0691bfb00604c7ccbfe6f3acd0dfeabe)] -> xpath: //select[@id='makes']]
2021-07-04 18:07:511 INFO  Homepage :45 - Selecting Car Model from dropdown menu list of Select element[[ChromeDriver: chrome on WINDOWS (0691bfb00604c7ccbfe6f3acd0dfeabe)] -> xpath:  //select[@id='models']]
2021-07-04 18:07:701 INFO  Homepage :50 - Selecting Car Location drom deopdown menu list of select element [[ChromeDriver: chrome on WINDOWS (0691bfb00604c7ccbfe6f3acd0dfeabe)] -> xpath: //select[@id='locations']]
2021-07-04 18:07:906 INFO  Homepage :55 - Selecting car price from drop down menu list of select element[[ChromeDriver: chrome on WINDOWS (0691bfb00604c7ccbfe6f3acd0dfeabe)] -> xpath: //select[@id='priceTo']]
2021-07-04 18:07:96 INFO  Homepage :60 - Clicking on Find My next car button [[ChromeDriver: chrome on WINDOWS (0691bfb00604c7ccbfe6f3acd0dfeabe)] -> xpath: //input[@id='search-submit']]
2021-07-04 18:07:959 INFO  BasePage :33 - Launching Chrome Browser 
2021-07-04 18:07:318 INFO  Homepage :20 - MouseHover on Buy+Sell Tab :[[ChromeDriver: chrome on WINDOWS (35e07912fd313f016b722f808d6f8f9b)] -> xpath: //a[text()='buy + sell']]
2021-07-04 18:07:730 INFO  Homepage :25 - Clicking on Serch Cars :[[ChromeDriver: chrome on WINDOWS (35e07912fd313f016b722f808d6f8f9b)] -> xpath: //a[text()='Search Cars']]
2021-07-04 18:07:188 INFO  Homepage :35 - Verifing new and UsedCar Text from element:[[ChromeDriver: chrome on WINDOWS (35e07912fd313f016b722f808d6f8f9b)] -> xpath: //h1[contains(text(),'New & Used Car Search - carsguide')]]
2021-07-04 18:07:288 INFO  Homepage :40 - Selecting Car Make from drop down menu list of select element[[ChromeDriver: chrome on WINDOWS (35e07912fd313f016b722f808d6f8f9b)] -> xpath: //select[@id='makes']]
2021-07-04 18:07:466 INFO  Homepage :45 - Selecting Car Model from dropdown menu list of Select element[[ChromeDriver: chrome on WINDOWS (35e07912fd313f016b722f808d6f8f9b)] -> xpath:  //select[@id='models']]
2021-07-04 18:07:675 INFO  Homepage :50 - Selecting Car Location drom deopdown menu list of select element [[ChromeDriver: chrome on WINDOWS (35e07912fd313f016b722f808d6f8f9b)] -> xpath: //select[@id='locations']]
2021-07-04 18:07:868 INFO  Homepage :55 - Selecting car price from drop down menu list of select element[[ChromeDriver: chrome on WINDOWS (35e07912fd313f016b722f808d6f8f9b)] -> xpath: //select[@id='priceTo']]
2021-07-04 18:07:26 INFO  Homepage :60 - Clicking on Find My next car button [[ChromeDriver: chrome on WINDOWS (35e07912fd313f016b722f808d6f8f9b)] -> xpath: //input[@id='search-submit']]
2021-07-04 18:07:972 INFO  BasePage :33 - Launching Chrome Browser 
2021-07-04 18:07:573 INFO  Homepage :20 - MouseHover on Buy+Sell Tab :[[ChromeDriver: chrome on WINDOWS (204ead56e8979461656229ed03a83646)] -> xpath: //a[text()='buy + sell']]
2021-07-04 18:07:511 INFO  Homepage :25 - Clicking on Serch Cars :[[ChromeDriver: chrome on WINDOWS (204ead56e8979461656229ed03a83646)] -> xpath: //a[text()='Search Cars']]
2021-07-04 18:07:38 INFO  Homepage :35 - Verifing new and UsedCar Text from element:[[ChromeDriver: chrome on WINDOWS (204ead56e8979461656229ed03a83646)] -> xpath: //h1[contains(text(),'New & Used Car Search - carsguide')]]
2021-07-04 18:07:133 INFO  Homepage :40 - Selecting Car Make from drop down menu list of select element[[ChromeDriver: chrome on WINDOWS (204ead56e8979461656229ed03a83646)] -> xpath: //select[@id='makes']]
2021-07-04 18:07:431 INFO  Homepage :45 - Selecting Car Model from dropdown menu list of Select element[[ChromeDriver: chrome on WINDOWS (204ead56e8979461656229ed03a83646)] -> xpath:  //select[@id='models']]
2021-07-04 18:07:624 INFO  Homepage :50 - Selecting Car Location drom deopdown menu list of select element [[ChromeDriver: chrome on WINDOWS (204ead56e8979461656229ed03a83646)] -> xpath: //select[@id='locations']]
2021-07-04 18:07:839 INFO  Homepage :55 - Selecting car price from drop down menu list of select element[[ChromeDriver: chrome on WINDOWS (204ead56e8979461656229ed03a83646)] -> xpath: //select[@id='priceTo']]
2021-07-04 18:07:29 INFO  Homepage :60 - Clicking on Find My next car button [[ChromeDriver: chrome on WINDOWS (204ead56e8979461656229ed03a83646)] -> xpath: //input[@id='search-submit']]
2021-07-04 18:07:35 INFO  BasePage :33 - Launching Chrome Browser 
2021-07-04 18:07:775 INFO  Homepage :20 - MouseHover on Buy+Sell Tab :[[ChromeDriver: chrome on WINDOWS (5f96314a4372262cf775b424401f1c6c)] -> xpath: //a[text()='buy + sell']]
2021-07-04 18:07:357 INFO  Homepage :25 - Clicking on Serch Cars :[[ChromeDriver: chrome on WINDOWS (5f96314a4372262cf775b424401f1c6c)] -> xpath: //a[text()='Search Cars']]
2021-07-04 18:07:964 INFO  Homepage :35 - Verifing new and UsedCar Text from element:[[ChromeDriver: chrome on WINDOWS (5f96314a4372262cf775b424401f1c6c)] -> xpath: //h1[contains(text(),'New & Used Car Search - carsguide')]]
2021-07-04 18:07:19 INFO  Homepage :40 - Selecting Car Make from drop down menu list of select element[[ChromeDriver: chrome on WINDOWS (5f96314a4372262cf775b424401f1c6c)] -> xpath: //select[@id='makes']]
2021-07-04 18:07:176 INFO  Homepage :45 - Selecting Car Model from dropdown menu list of Select element[[ChromeDriver: chrome on WINDOWS (5f96314a4372262cf775b424401f1c6c)] -> xpath:  //select[@id='models']]
2021-07-04 18:07:325 INFO  Homepage :50 - Selecting Car Location drom deopdown menu list of select element [[ChromeDriver: chrome on WINDOWS (5f96314a4372262cf775b424401f1c6c)] -> xpath: //select[@id='locations']]
2021-07-04 18:07:536 INFO  Homepage :55 - Selecting car price from drop down menu list of select element[[ChromeDriver: chrome on WINDOWS (5f96314a4372262cf775b424401f1c6c)] -> xpath: //select[@id='priceTo']]
2021-07-04 18:07:723 INFO  Homepage :60 - Clicking on Find My next car button [[ChromeDriver: chrome on WINDOWS (5f96314a4372262cf775b424401f1c6c)] -> xpath: //input[@id='search-submit']]
